This file contains any messages produced by compilers while
running configure, to aid debugging if configure makes a mistake.

It was created by Kyra configure 2.1.3, which was
generated by GNU Autoconf 2.63.  Invocation command line was

  $ ./configure 

## --------- ##
## Platform. ##
## --------- ##

hostname = kivenkantaja
uname -m = i686
uname -r = 2.6.30.9-96.fc11.i686.PAE
uname -s = Linux
uname -v = #1 SMP Tue Nov 3 23:41:33 EST 2009

/usr/bin/uname -p = unknown
/bin/uname -X     = unknown

/bin/arch              = i686
/usr/bin/arch -k       = unknown
/usr/convex/getsysinfo = unknown
/usr/bin/hostinfo      = unknown
/bin/machine           = unknown
/usr/bin/oslevel       = unknown
/bin/universe          = unknown

PATH: /usr/lib/qt-3.3/bin
PATH: /usr/kerberos/bin
PATH: /usr/lib/ccache
PATH: /usr/local/bin
PATH: /usr/bin
PATH: /bin
PATH: /usr/games
PATH: /usr/local/sbin
PATH: /usr/sbin
PATH: /sbin
PATH: /home/danielb/bin


## ----------- ##
## Core tests. ##
## ----------- ##

configure:2096: checking build system type
configure:2114: result: i686-pc-linux-gnu
configure:2136: checking host system type
configure:2151: result: i686-pc-linux-gnu
configure:2173: checking target system type
configure:2188: result: i686-pc-linux-gnu
configure:2233: checking for a BSD-compatible install
configure:2301: result: /usr/bin/install -c
configure:2312: checking whether build environment is sane
configure:2372: result: yes
configure:2513: checking for a thread-safe mkdir -p
configure:2552: result: /bin/mkdir -p
configure:2565: checking for gawk
configure:2581: found /usr/bin/gawk
configure:2592: result: gawk
configure:2603: checking whether make sets $(MAKE)
configure:2625: result: yes
configure:2775: checking for g++
configure:2791: found /usr/lib/ccache/g++
configure:2802: result: g++
configure:2829: checking for C++ compiler version
configure:2837: g++ --version >&5
g++ (GCC) 4.4.1 20090725 (Red Hat 4.4.1-2)
Copyright (C) 2009 Free Software Foundation, Inc.
This is free software; see the source for copying conditions.  There is NO
warranty; not even for MERCHANTABILITY or FITNESS FOR A PARTICULAR PURPOSE.

configure:2841: $? = 0
configure:2848: g++ -v >&5
Using built-in specs.
Target: i586-redhat-linux
Configured with: ../configure --prefix=/usr --mandir=/usr/share/man --infodir=/usr/share/info --with-bugurl=http://bugzilla.redhat.com/bugzilla --enable-bootstrap --enable-shared --enable-threads=posix --enable-checking=release --with-system-zlib --enable-__cxa_atexit --disable-libunwind-exceptions --enable-languages=c,c++,objc,obj-c++,java,fortran,ada --enable-java-awt=gtk --disable-dssi --enable-plugin --with-java-home=/usr/lib/jvm/java-1.5.0-gcj-1.5.0.0/jre --enable-libgcj-multifile --enable-java-maintainer-mode --with-ecj-jar=/usr/share/java/eclipse-ecj.jar --disable-libjava-multilib --with-ppl --with-cloog --with-tune=generic --with-arch=i586 --build=i586-redhat-linux
Thread model: posix
gcc version 4.4.1 20090725 (Red Hat 4.4.1-2) (GCC) 
configure:2852: $? = 0
configure:2859: g++ -V >&5
g++: '-V' option must have argument
configure:2863: $? = 1
configure:2886: checking for C++ compiler default output file name
configure:2908: g++    conftest.cpp  >&5
configure:2912: $? = 0
configure:2950: result: a.out
configure:2969: checking whether the C++ compiler works
configure:2979: ./a.out
configure:2983: $? = 0
configure:3002: result: yes
configure:3009: checking whether we are cross compiling
configure:3011: result: no
configure:3014: checking for suffix of executables
configure:3021: g++ -o conftest    conftest.cpp  >&5
configure:3025: $? = 0
configure:3051: result: 
configure:3057: checking for suffix of object files
configure:3083: g++ -c   conftest.cpp >&5
configure:3087: $? = 0
configure:3112: result: o
configure:3116: checking whether we are using the GNU C++ compiler
configure:3145: g++ -c   conftest.cpp >&5
configure:3152: $? = 0
configure:3169: result: yes
configure:3178: checking whether g++ accepts -g
configure:3208: g++ -c -g  conftest.cpp >&5
configure:3215: $? = 0
configure:3316: result: yes
configure:3350: checking for style of include used by make
configure:3378: result: GNU
configure:3403: checking dependency style of g++
configure:3513: result: gcc3
configure:3576: checking for gcc
configure:3592: found /usr/lib/ccache/gcc
configure:3603: result: gcc
configure:3835: checking for C compiler version
configure:3843: gcc --version >&5
gcc (GCC) 4.4.1 20090725 (Red Hat 4.4.1-2)
Copyright (C) 2009 Free Software Foundation, Inc.
This is free software; see the source for copying conditions.  There is NO
warranty; not even for MERCHANTABILITY or FITNESS FOR A PARTICULAR PURPOSE.

configure:3847: $? = 0
configure:3854: gcc -v >&5
Using built-in specs.
Target: i586-redhat-linux
Configured with: ../configure --prefix=/usr --mandir=/usr/share/man --infodir=/usr/share/info --with-bugurl=http://bugzilla.redhat.com/bugzilla --enable-bootstrap --enable-shared --enable-threads=posix --enable-checking=release --with-system-zlib --enable-__cxa_atexit --disable-libunwind-exceptions --enable-languages=c,c++,objc,obj-c++,java,fortran,ada --enable-java-awt=gtk --disable-dssi --enable-plugin --with-java-home=/usr/lib/jvm/java-1.5.0-gcj-1.5.0.0/jre --enable-libgcj-multifile --enable-java-maintainer-mode --with-ecj-jar=/usr/share/java/eclipse-ecj.jar --disable-libjava-multilib --with-ppl --with-cloog --with-tune=generic --with-arch=i586 --build=i586-redhat-linux
Thread model: posix
gcc version 4.4.1 20090725 (Red Hat 4.4.1-2) (GCC) 
configure:3858: $? = 0
configure:3865: gcc -V >&5
gcc: '-V' option must have argument
configure:3869: $? = 1
configure:3872: checking whether we are using the GNU C compiler
configure:3901: gcc -c   conftest.c >&5
configure:3908: $? = 0
configure:3925: result: yes
configure:3934: checking whether gcc accepts -g
configure:3964: gcc -c -g  conftest.c >&5
configure:3971: $? = 0
configure:4072: result: yes
configure:4089: checking for gcc option to accept ISO C89
configure:4163: gcc  -c -g -O2  conftest.c >&5
configure:4170: $? = 0
configure:4193: result: none needed
configure:4213: checking dependency style of gcc
configure:4323: result: gcc3
configure:4363: checking for a sed that does not truncate output
configure:4429: result: /bin/sed
configure:4447: checking for grep that handles long lines and -e
configure:4507: result: /bin/grep
configure:4512: checking for egrep
configure:4576: result: /bin/grep -E
configure:4581: checking for fgrep
configure:4645: result: /bin/grep -F
configure:4680: checking for ld used by gcc
configure:4747: result: /usr/bin/ld
configure:4756: checking if the linker (/usr/bin/ld) is GNU ld
configure:4771: result: yes
configure:4783: checking for BSD- or MS-compatible name lister (nm)
configure:4832: result: /usr/bin/nm -B
configure:4950: checking the name lister (/usr/bin/nm -B) interface
configure:4957: gcc -c -g -O2  conftest.c >&5
configure:4960: /usr/bin/nm -B "conftest.o"
configure:4963: output
00000000 B some_variable
configure:4970: result: BSD nm
configure:4973: checking whether ln -s works
configure:4977: result: yes
configure:4985: checking the maximum length of command line arguments
configure:5105: result: 1966080
configure:5122: checking whether the shell understands some XSI constructs
configure:5132: result: yes
configure:5136: checking whether the shell understands "+="
configure:5142: result: yes
configure:5177: checking for /usr/bin/ld option to reload object files
configure:5184: result: -r
configure:5253: checking for objdump
configure:5269: found /usr/bin/objdump
configure:5280: result: objdump
configure:5312: checking how to recognize dependent libraries
configure:5508: result: pass_all
configure:5568: checking for ar
configure:5584: found /usr/bin/ar
configure:5595: result: ar
configure:5673: checking for strip
configure:5689: found /usr/bin/strip
configure:5700: result: strip
configure:5772: checking for ranlib
configure:5788: found /usr/bin/ranlib
configure:5799: result: ranlib
configure:5889: checking command to parse /usr/bin/nm -B output from gcc object
configure:6007: gcc -c -g -O2  conftest.c >&5
configure:6010: $? = 0
configure:6014: /usr/bin/nm -B conftest.o \| sed -n -e 's/^.*[	 ]\([ABCDGIRSTW][ABCDGIRSTW]*\)[	 ][	 ]*\([_A-Za-z][_A-Za-z0-9]*\)$/\1 \2 \2/p' \> conftest.nm
configure:6017: $? = 0
configure:6071: gcc -o conftest -g -O2   conftest.c conftstm.o >&5
configure:6074: $? = 0
configure:6112: result: ok
configure:6979: checking how to run the C preprocessor
configure:7019: gcc -E  conftest.c
configure:7026: $? = 0
configure:7057: gcc -E  conftest.c
conftest.c:10:28: error: ac_nonexistent.h: No such file or directory
configure:7064: $? = 1
configure: failed program was:
| /* confdefs.h.  */
| #define PACKAGE_NAME "Kyra"
| #define PACKAGE_TARNAME "kyra"
| #define PACKAGE_VERSION "2.1.3"
| #define PACKAGE_STRING "Kyra 2.1.3"
| #define PACKAGE_BUGREPORT "kyra-general@lists.sourceforge.net"
| #define PACKAGE "Kyra"
| #define VERSION "2.1.3"
| /* end confdefs.h.  */
| #include <ac_nonexistent.h>
configure:7097: result: gcc -E
configure:7126: gcc -E  conftest.c
configure:7133: $? = 0
configure:7164: gcc -E  conftest.c
conftest.c:10:28: error: ac_nonexistent.h: No such file or directory
configure:7171: $? = 1
configure: failed program was:
| /* confdefs.h.  */
| #define PACKAGE_NAME "Kyra"
| #define PACKAGE_TARNAME "kyra"
| #define PACKAGE_VERSION "2.1.3"
| #define PACKAGE_STRING "Kyra 2.1.3"
| #define PACKAGE_BUGREPORT "kyra-general@lists.sourceforge.net"
| #define PACKAGE "Kyra"
| #define VERSION "2.1.3"
| /* end confdefs.h.  */
| #include <ac_nonexistent.h>
configure:7211: checking for ANSI C header files
configure:7241: gcc -c -g -O2  conftest.c >&5
configure:7248: $? = 0
configure:7347: gcc -o conftest -g -O2   conftest.c  >&5
configure:7351: $? = 0
configure:7357: ./conftest
configure:7361: $? = 0
configure:7379: result: yes
configure:7403: checking for sys/types.h
configure:7424: gcc -c -g -O2  conftest.c >&5
configure:7431: $? = 0
configure:7448: result: yes
configure:7403: checking for sys/stat.h
configure:7424: gcc -c -g -O2  conftest.c >&5
configure:7431: $? = 0
configure:7448: result: yes
configure:7403: checking for stdlib.h
configure:7424: gcc -c -g -O2  conftest.c >&5
configure:7431: $? = 0
configure:7448: result: yes
configure:7403: checking for string.h
configure:7424: gcc -c -g -O2  conftest.c >&5
configure:7431: $? = 0
configure:7448: result: yes
configure:7403: checking for memory.h
configure:7424: gcc -c -g -O2  conftest.c >&5
configure:7431: $? = 0
configure:7448: result: yes
configure:7403: checking for strings.h
configure:7424: gcc -c -g -O2  conftest.c >&5
configure:7431: $? = 0
configure:7448: result: yes
configure:7403: checking for inttypes.h
configure:7424: gcc -c -g -O2  conftest.c >&5
configure:7431: $? = 0
configure:7448: result: yes
configure:7403: checking for stdint.h
configure:7424: gcc -c -g -O2  conftest.c >&5
configure:7431: $? = 0
configure:7448: result: yes
configure:7403: checking for unistd.h
configure:7424: gcc -c -g -O2  conftest.c >&5
configure:7431: $? = 0
configure:7448: result: yes
configure:7466: checking for dlfcn.h
configure:7487: gcc -c -g -O2  conftest.c >&5
configure:7494: $? = 0
configure:7511: result: yes
configure:7638: checking for C++ compiler version
configure:7646: g++ --version >&5
g++ (GCC) 4.4.1 20090725 (Red Hat 4.4.1-2)
Copyright (C) 2009 Free Software Foundation, Inc.
This is free software; see the source for copying conditions.  There is NO
warranty; not even for MERCHANTABILITY or FITNESS FOR A PARTICULAR PURPOSE.

configure:7650: $? = 0
configure:7657: g++ -v >&5
Using built-in specs.
Target: i586-redhat-linux
Configured with: ../configure --prefix=/usr --mandir=/usr/share/man --infodir=/usr/share/info --with-bugurl=http://bugzilla.redhat.com/bugzilla --enable-bootstrap --enable-shared --enable-threads=posix --enable-checking=release --with-system-zlib --enable-__cxa_atexit --disable-libunwind-exceptions --enable-languages=c,c++,objc,obj-c++,java,fortran,ada --enable-java-awt=gtk --disable-dssi --enable-plugin --with-java-home=/usr/lib/jvm/java-1.5.0-gcj-1.5.0.0/jre --enable-libgcj-multifile --enable-java-maintainer-mode --with-ecj-jar=/usr/share/java/eclipse-ecj.jar --disable-libjava-multilib --with-ppl --with-cloog --with-tune=generic --with-arch=i586 --build=i586-redhat-linux
Thread model: posix
gcc version 4.4.1 20090725 (Red Hat 4.4.1-2) (GCC) 
configure:7661: $? = 0
configure:7668: g++ -V >&5
g++: '-V' option must have argument
configure:7672: $? = 1
configure:7675: checking whether we are using the GNU C++ compiler
configure:7728: result: yes
configure:7737: checking whether g++ accepts -g
configure:7875: result: yes
configure:7900: checking dependency style of g++
configure:8010: result: gcc3
configure:8033: checking how to run the C++ preprocessor
configure:8069: g++ -E  conftest.cpp
configure:8076: $? = 0
configure:8107: g++ -E  conftest.cpp
conftest.cpp:21:28: error: ac_nonexistent.h: No such file or directory
configure:8114: $? = 1
configure: failed program was:
| /* confdefs.h.  */
| #define PACKAGE_NAME "Kyra"
| #define PACKAGE_TARNAME "kyra"
| #define PACKAGE_VERSION "2.1.3"
| #define PACKAGE_STRING "Kyra 2.1.3"
| #define PACKAGE_BUGREPORT "kyra-general@lists.sourceforge.net"
| #define PACKAGE "Kyra"
| #define VERSION "2.1.3"
| #define STDC_HEADERS 1
| #define HAVE_SYS_TYPES_H 1
| #define HAVE_SYS_STAT_H 1
| #define HAVE_STDLIB_H 1
| #define HAVE_STRING_H 1
| #define HAVE_MEMORY_H 1
| #define HAVE_STRINGS_H 1
| #define HAVE_INTTYPES_H 1
| #define HAVE_STDINT_H 1
| #define HAVE_UNISTD_H 1
| #define HAVE_DLFCN_H 1
| /* end confdefs.h.  */
| #include <ac_nonexistent.h>
configure:8147: result: g++ -E
configure:8176: g++ -E  conftest.cpp
configure:8183: $? = 0
configure:8214: g++ -E  conftest.cpp
conftest.cpp:21:28: error: ac_nonexistent.h: No such file or directory
configure:8221: $? = 1
configure: failed program was:
| /* confdefs.h.  */
| #define PACKAGE_NAME "Kyra"
| #define PACKAGE_TARNAME "kyra"
| #define PACKAGE_VERSION "2.1.3"
| #define PACKAGE_STRING "Kyra 2.1.3"
| #define PACKAGE_BUGREPORT "kyra-general@lists.sourceforge.net"
| #define PACKAGE "Kyra"
| #define VERSION "2.1.3"
| #define STDC_HEADERS 1
| #define HAVE_SYS_TYPES_H 1
| #define HAVE_SYS_STAT_H 1
| #define HAVE_STDLIB_H 1
| #define HAVE_STRING_H 1
| #define HAVE_MEMORY_H 1
| #define HAVE_STRINGS_H 1
| #define HAVE_INTTYPES_H 1
| #define HAVE_STDINT_H 1
| #define HAVE_UNISTD_H 1
| #define HAVE_DLFCN_H 1
| /* end confdefs.h.  */
| #include <ac_nonexistent.h>
configure:8435: checking for objdir
configure:8450: result: .libs
configure:8742: checking if gcc supports -fno-rtti -fno-exceptions
configure:8760: gcc -c -g -O2  -fno-rtti -fno-exceptions conftest.c >&5
cc1: warning: command line option "-fno-rtti" is valid for C++/ObjC++ but not for C
cc1: warning: command line option "-fno-rtti" is valid for C++/ObjC++ but not for C
configure:8764: $? = 0
configure:8777: result: no
configure:8797: checking for gcc option to produce PIC
configure:9069: result: -fPIC -DPIC
configure:9081: checking if gcc PIC flag -fPIC -DPIC works
configure:9099: gcc -c -g -O2  -fPIC -DPIC -DPIC conftest.c >&5
configure:9103: $? = 0
configure:9116: result: yes
configure:9140: checking if gcc static flag -static works
configure:9168: result: no
configure:9183: checking if gcc supports -c -o file.o
configure:9204: gcc -c -g -O2  -o out/conftest2.o conftest.c >&5
configure:9208: $? = 0
configure:9230: result: yes
configure:9238: checking if gcc supports -c -o file.o
configure:9285: result: yes
configure:9318: checking whether the gcc linker (/usr/bin/ld) supports shared libraries
configure:10392: result: yes
configure:10429: checking whether -lc should be explicitly linked in
configure:10434: gcc -c -g -O2  conftest.c >&5
configure:10437: $? = 0
configure:10452: gcc -shared conftest.o  -v -Wl,-soname -Wl,conftest -o conftest 2\>\&1 \| /bin/grep  -lc  \>/dev/null 2\>\&1
configure:10455: $? = 0
configure:10467: result: no
configure:10631: checking dynamic linker characteristics
configure:11074: gcc -o conftest -g -O2   -Wl,-rpath -Wl,/foo conftest.c  >&5
configure:11081: $? = 0
configure:11317: result: GNU/Linux ld.so
configure:11419: checking how to hardcode library paths into programs
configure:11444: result: immediate
configure:12277: checking whether stripping libraries is possible
configure:12282: result: yes
configure:12317: checking if libtool supports shared libraries
configure:12319: result: yes
configure:12322: checking whether to build shared libraries
configure:12343: result: yes
configure:12346: checking whether to build static libraries
configure:12350: result: yes
configure:12500: checking for ld used by g++
configure:12567: result: /usr/bin/ld
configure:12576: checking if the linker (/usr/bin/ld) is GNU ld
configure:12591: result: yes
configure:12646: checking whether the g++ linker (/usr/bin/ld) supports shared libraries
configure:13621: result: yes
configure:13649: g++ -c -g -O2  conftest.cpp >&5
configure:13652: $? = 0
configure:13834: checking for g++ option to produce PIC
configure:14151: result: -fPIC -DPIC
configure:14160: checking if g++ PIC flag -fPIC -DPIC works
configure:14178: g++ -c -g -O2  -fPIC -DPIC -DPIC conftest.cpp >&5
configure:14182: $? = 0
configure:14195: result: yes
configure:14216: checking if g++ static flag -static works
configure:14244: result: no
configure:14256: checking if g++ supports -c -o file.o
configure:14277: g++ -c -g -O2  -o out/conftest2.o conftest.cpp >&5
configure:14281: $? = 0
configure:14303: result: yes
configure:14308: checking if g++ supports -c -o file.o
configure:14355: result: yes
configure:14385: checking whether the g++ linker (/usr/bin/ld) supports shared libraries
configure:14411: result: yes
configure:14548: checking dynamic linker characteristics
configure:14939: g++ -o conftest -g -O2   -Wl,-rpath -Wl,/foo conftest.cpp  >&5
configure:14946: $? = 0
configure:15182: result: GNU/Linux ld.so
configure:15233: checking how to hardcode library paths into programs
configure:15258: result: immediate
configure:15318: checking for ANSI C header files
configure:15486: result: yes
configure:15515: checking limits.h usability
configure:15532: gcc -c -g -O2  conftest.c >&5
configure:15539: $? = 0
configure:15553: result: yes
configure:15557: checking limits.h presence
configure:15572: gcc -E  conftest.c
configure:15579: $? = 0
configure:15593: result: yes
configure:15626: checking for limits.h
configure:15635: result: yes
configure:15504: checking for memory.h
configure:15511: result: yes
configure:15504: checking for stdlib.h
configure:15511: result: yes
configure:15504: checking for string.h
configure:15511: result: yes
configure:15657: checking for stdlib.h
configure:15664: result: yes
configure:15803: checking for GNU libc compatible malloc
configure:15837: gcc -o conftest -g -O2   conftest.c  >&5
configure:15841: $? = 0
configure:15847: ./conftest
configure:15851: $? = 0
configure:15868: result: yes
configure:15900: checking for vprintf
configure:15956: gcc -o conftest -g -O2   conftest.c  >&5
conftest.c:52: warning: conflicting types for built-in function 'vprintf'
configure:15963: $? = 0
configure:15985: result: yes
configure:15994: checking for _doprnt
configure:16050: gcc -o conftest -g -O2   conftest.c  >&5
/tmp/ccgknl5n.o: In function `main':
/home/danielb/git/brainblast/kyra2_1_3/Kyra/conftest.c:64: undefined reference to `_doprnt'
collect2: ld returned 1 exit status
configure:16057: $? = 1
configure: failed program was:
| /* confdefs.h.  */
| #define PACKAGE_NAME "Kyra"
| #define PACKAGE_TARNAME "kyra"
| #define PACKAGE_VERSION "2.1.3"
| #define PACKAGE_STRING "Kyra 2.1.3"
| #define PACKAGE_BUGREPORT "kyra-general@lists.sourceforge.net"
| #define PACKAGE "Kyra"
| #define VERSION "2.1.3"
| #define STDC_HEADERS 1
| #define HAVE_SYS_TYPES_H 1
| #define HAVE_SYS_STAT_H 1
| #define HAVE_STDLIB_H 1
| #define HAVE_STRING_H 1
| #define HAVE_MEMORY_H 1
| #define HAVE_STRINGS_H 1
| #define HAVE_INTTYPES_H 1
| #define HAVE_STDINT_H 1
| #define HAVE_UNISTD_H 1
| #define HAVE_DLFCN_H 1
| #define LT_OBJDIR ".libs/"
| #define STDC_HEADERS 1
| #define HAVE_LIMITS_H 1
| #define HAVE_MEMORY_H 1
| #define HAVE_STDLIB_H 1
| #define HAVE_STRING_H 1
| #define HAVE_STDLIB_H 1
| #define HAVE_MALLOC 1
| #define HAVE_VPRINTF 1
| /* end confdefs.h.  */
| /* Define _doprnt to an innocuous variant, in case <limits.h> declares _doprnt.
|    For example, HP-UX 11i <limits.h> declares gettimeofday.  */
| #define _doprnt innocuous__doprnt
| 
| /* System header to define __stub macros and hopefully few prototypes,
|     which can conflict with char _doprnt (); below.
|     Prefer <limits.h> to <assert.h> if __STDC__ is defined, since
|     <limits.h> exists even on freestanding compilers.  */
| 
| #ifdef __STDC__
| # include <limits.h>
| #else
| # include <assert.h>
| #endif
| 
| #undef _doprnt
| 
| /* Override any GCC internal prototype to avoid an error.
|    Use char because int might match the return type of a GCC
|    builtin and then its argument prototype would still apply.  */
| #ifdef __cplusplus
| extern "C"
| #endif
| char _doprnt ();
| /* The GNU C library defines this for functions which it implements
|     to always fail with ENOSYS.  Some functions are actually named
|     something starting with __ and the normal name is an alias.  */
| #if defined __stub__doprnt || defined __stub____doprnt
| choke me
| #endif
| 
| int
| main ()
| {
| return _doprnt ();
|   ;
|   return 0;
| }
configure:16077: result: no
configure:16101: checking for atexit
configure:16157: gcc -o conftest -g -O2   conftest.c  >&5
configure:16164: $? = 0
configure:16186: result: yes
configure:16101: checking for memset
configure:16157: gcc -o conftest -g -O2   conftest.c  >&5
conftest.c:54: warning: conflicting types for built-in function 'memset'
configure:16164: $? = 0
configure:16186: result: yes
configure:16101: checking for sqrt
configure:16157: gcc -o conftest -g -O2   conftest.c  >&5
conftest.c:55: warning: conflicting types for built-in function 'sqrt'
/tmp/ccEjHhiu.o: In function `main':
/home/danielb/git/brainblast/kyra2_1_3/Kyra/conftest.c:66: undefined reference to `sqrt'
collect2: ld returned 1 exit status
configure:16164: $? = 1
configure: failed program was:
| /* confdefs.h.  */
| #define PACKAGE_NAME "Kyra"
| #define PACKAGE_TARNAME "kyra"
| #define PACKAGE_VERSION "2.1.3"
| #define PACKAGE_STRING "Kyra 2.1.3"
| #define PACKAGE_BUGREPORT "kyra-general@lists.sourceforge.net"
| #define PACKAGE "Kyra"
| #define VERSION "2.1.3"
| #define STDC_HEADERS 1
| #define HAVE_SYS_TYPES_H 1
| #define HAVE_SYS_STAT_H 1
| #define HAVE_STDLIB_H 1
| #define HAVE_STRING_H 1
| #define HAVE_MEMORY_H 1
| #define HAVE_STRINGS_H 1
| #define HAVE_INTTYPES_H 1
| #define HAVE_STDINT_H 1
| #define HAVE_UNISTD_H 1
| #define HAVE_DLFCN_H 1
| #define LT_OBJDIR ".libs/"
| #define STDC_HEADERS 1
| #define HAVE_LIMITS_H 1
| #define HAVE_MEMORY_H 1
| #define HAVE_STDLIB_H 1
| #define HAVE_STRING_H 1
| #define HAVE_STDLIB_H 1
| #define HAVE_MALLOC 1
| #define HAVE_VPRINTF 1
| #define HAVE_ATEXIT 1
| #define HAVE_MEMSET 1
| /* end confdefs.h.  */
| /* Define sqrt to an innocuous variant, in case <limits.h> declares sqrt.
|    For example, HP-UX 11i <limits.h> declares gettimeofday.  */
| #define sqrt innocuous_sqrt
| 
| /* System header to define __stub macros and hopefully few prototypes,
|     which can conflict with char sqrt (); below.
|     Prefer <limits.h> to <assert.h> if __STDC__ is defined, since
|     <limits.h> exists even on freestanding compilers.  */
| 
| #ifdef __STDC__
| # include <limits.h>
| #else
| # include <assert.h>
| #endif
| 
| #undef sqrt
| 
| /* Override any GCC internal prototype to avoid an error.
|    Use char because int might match the return type of a GCC
|    builtin and then its argument prototype would still apply.  */
| #ifdef __cplusplus
| extern "C"
| #endif
| char sqrt ();
| /* The GNU C library defines this for functions which it implements
|     to always fail with ENOSYS.  Some functions are actually named
|     something starting with __ and the normal name is an alias.  */
| #if defined __stub_sqrt || defined __stub___sqrt
| choke me
| #endif
| 
| int
| main ()
| {
| return sqrt ();
|   ;
|   return 0;
| }
configure:16186: result: no
configure:16101: checking for strchr
configure:16157: gcc -o conftest -g -O2   conftest.c  >&5
conftest.c:55: warning: conflicting types for built-in function 'strchr'
configure:16164: $? = 0
configure:16186: result: yes
configure:16101: checking for strrchr
configure:16157: gcc -o conftest -g -O2   conftest.c  >&5
conftest.c:56: warning: conflicting types for built-in function 'strrchr'
configure:16164: $? = 0
configure:16186: result: yes
configure:16101: checking for strstr
configure:16157: gcc -o conftest -g -O2   conftest.c  >&5
conftest.c:57: warning: conflicting types for built-in function 'strstr'
configure:16164: $? = 0
configure:16186: result: yes
configure:16101: checking for strtoul
configure:16157: gcc -o conftest -g -O2   conftest.c  >&5
configure:16164: $? = 0
configure:16186: result: yes
configure:16242: checking for sdl-config
configure:16260: found /usr/bin/sdl-config
configure:16273: result: /usr/bin/sdl-config
configure:16282: checking for SDL - version >= 1.2.0
configure:16379: gcc -o conftest -g -O2 -I/usr/include/SDL -D_GNU_SOURCE=1 -D_REENTRANT   conftest.c  -lSDL -lpthread >&5
configure:16383: $? = 0
configure:16389: ./conftest
configure:16393: $? = 0
configure:16415: result: yes
configure:16523: checking for main in -lSDL_image
configure:16552: gcc -o conftest -g -O2 -I/usr/include/SDL -D_GNU_SOURCE=1 -D_REENTRANT -I/usr/local/include -I/usr/X11R6/include  -L/usr/lib -L/usr/local/lib -L/usr/X11R6/lib conftest.c -lSDL_image  -L/usr/lib -L/usr/local/lib -L/usr/X11R6/lib  -lSDL -lpthread >&5
configure:16559: $? = 0
configure:16580: result: yes
configure:16874: creating ./config.status

## ---------------------- ##
## Running config.status. ##
## ---------------------- ##

This file was extended by Kyra config.status 2.1.3, which was
generated by GNU Autoconf 2.63.  Invocation command line was

  CONFIG_FILES    = 
  CONFIG_HEADERS  = 
  CONFIG_LINKS    = 
  CONFIG_COMMANDS = 
  $ ./config.status 

on kivenkantaja

config.status:989: creating Makefile
config.status:989: creating tinyxml/Makefile
config.status:989: creating util/Makefile
config.status:989: creating gui/Makefile
config.status:989: creating guiExtended/Makefile
config.status:989: creating engine/Makefile
config.status:989: creating encoder/Makefile
config.status:989: creating spriteed/Makefile
config.status:989: creating kyra-config
config.status:1200: executing depfiles commands
config.status:1200: executing libtool commands

## ---------------- ##
## Cache variables. ##
## ---------------- ##

ac_cv_build=i686-pc-linux-gnu
ac_cv_c_compiler_gnu=yes
ac_cv_cxx_compiler_gnu=yes
ac_cv_env_CCC_set=
ac_cv_env_CCC_value=
ac_cv_env_CC_set=
ac_cv_env_CC_value=
ac_cv_env_CFLAGS_set=
ac_cv_env_CFLAGS_value=
ac_cv_env_CPPFLAGS_set=
ac_cv_env_CPPFLAGS_value=
ac_cv_env_CPP_set=
ac_cv_env_CPP_value=
ac_cv_env_CXXCPP_set=
ac_cv_env_CXXCPP_value=
ac_cv_env_CXXFLAGS_set=
ac_cv_env_CXXFLAGS_value=
ac_cv_env_CXX_set=
ac_cv_env_CXX_value=
ac_cv_env_LDFLAGS_set=
ac_cv_env_LDFLAGS_value=
ac_cv_env_LIBS_set=
ac_cv_env_LIBS_value=
ac_cv_env_build_alias_set=
ac_cv_env_build_alias_value=
ac_cv_env_host_alias_set=
ac_cv_env_host_alias_value=
ac_cv_env_target_alias_set=
ac_cv_env_target_alias_value=
ac_cv_func__doprnt=no
ac_cv_func_atexit=yes
ac_cv_func_malloc_0_nonnull=yes
ac_cv_func_memset=yes
ac_cv_func_sqrt=no
ac_cv_func_strchr=yes
ac_cv_func_strrchr=yes
ac_cv_func_strstr=yes
ac_cv_func_strtoul=yes
ac_cv_func_vprintf=yes
ac_cv_header_dlfcn_h=yes
ac_cv_header_inttypes_h=yes
ac_cv_header_limits_h=yes
ac_cv_header_memory_h=yes
ac_cv_header_stdc=yes
ac_cv_header_stdint_h=yes
ac_cv_header_stdlib_h=yes
ac_cv_header_string_h=yes
ac_cv_header_strings_h=yes
ac_cv_header_sys_stat_h=yes
ac_cv_header_sys_types_h=yes
ac_cv_header_unistd_h=yes
ac_cv_host=i686-pc-linux-gnu
ac_cv_lib_SDL_image_main=yes
ac_cv_objext=o
ac_cv_path_EGREP='/bin/grep -E'
ac_cv_path_FGREP='/bin/grep -F'
ac_cv_path_GREP=/bin/grep
ac_cv_path_SDL_CONFIG=/usr/bin/sdl-config
ac_cv_path_SED=/bin/sed
ac_cv_path_install='/usr/bin/install -c'
ac_cv_path_mkdir=/bin/mkdir
ac_cv_prog_AWK=gawk
ac_cv_prog_CPP='gcc -E'
ac_cv_prog_CXXCPP='g++ -E'
ac_cv_prog_ac_ct_AR=ar
ac_cv_prog_ac_ct_CC=gcc
ac_cv_prog_ac_ct_CXX=g++
ac_cv_prog_ac_ct_OBJDUMP=objdump
ac_cv_prog_ac_ct_RANLIB=ranlib
ac_cv_prog_ac_ct_STRIP=strip
ac_cv_prog_cc_c89=
ac_cv_prog_cc_g=yes
ac_cv_prog_cxx_g=yes
ac_cv_prog_make_make_set=yes
ac_cv_target=i686-pc-linux-gnu
am_cv_CC_dependencies_compiler_type=gcc3
am_cv_CXX_dependencies_compiler_type=gcc3
lt_cv_deplibs_check_method=pass_all
lt_cv_file_magic_cmd='$MAGIC_CMD'
lt_cv_file_magic_test_file=
lt_cv_ld_reload_flag=-r
lt_cv_nm_interface='BSD nm'
lt_cv_objdir=.libs
lt_cv_path_LD=/usr/bin/ld
lt_cv_path_LDCXX=/usr/bin/ld
lt_cv_path_NM='/usr/bin/nm -B'
lt_cv_prog_compiler_c_o=yes
lt_cv_prog_compiler_c_o_CXX=yes
lt_cv_prog_compiler_pic_works=yes
lt_cv_prog_compiler_pic_works_CXX=yes
lt_cv_prog_compiler_rtti_exceptions=no
lt_cv_prog_compiler_static_works=no
lt_cv_prog_compiler_static_works_CXX=no
lt_cv_prog_gnu_ld=yes
lt_cv_prog_gnu_ldcxx=yes
lt_cv_sys_global_symbol_pipe='sed -n -e '\''s/^.*[	 ]\([ABCDGIRSTW][ABCDGIRSTW]*\)[	 ][	 ]*\([_A-Za-z][_A-Za-z0-9]*\)$/\1 \2 \2/p'\'''
lt_cv_sys_global_symbol_to_c_name_address='sed -n -e '\''s/^: \([^ ]*\) $/  {\"\1\", (void *) 0},/p'\'' -e '\''s/^[ABCDGIRSTW]* \([^ ]*\) \([^ ]*\)$/  {"\2", (void *) \&\2},/p'\'''
lt_cv_sys_global_symbol_to_c_name_address_lib_prefix='sed -n -e '\''s/^: \([^ ]*\) $/  {\"\1\", (void *) 0},/p'\'' -e '\''s/^[ABCDGIRSTW]* \([^ ]*\) \(lib[^ ]*\)$/  {"\2", (void *) \&\2},/p'\'' -e '\''s/^[ABCDGIRSTW]* \([^ ]*\) \([^ ]*\)$/  {"lib\2", (void *) \&\2},/p'\'''
lt_cv_sys_global_symbol_to_cdecl='sed -n -e '\''s/^T .* \(.*\)$/extern int \1();/p'\'' -e '\''s/^[ABCDGIRSTW]* .* \(.*\)$/extern char \1;/p'\'''
lt_cv_sys_max_cmd_len=1966080

## ----------------- ##
## Output variables. ##
## ----------------- ##

ACLOCAL='${SHELL} /home/danielb/git/brainblast/kyra2_1_3/Kyra/missing --run aclocal-1.11'
AMDEPBACKSLASH='\'
AMDEP_FALSE='#'
AMDEP_TRUE=''
AMTAR='${SHELL} /home/danielb/git/brainblast/kyra2_1_3/Kyra/missing --run tar'
AR='ar'
AUTOCONF='${SHELL} /home/danielb/git/brainblast/kyra2_1_3/Kyra/missing --run autoconf'
AUTOHEADER='${SHELL} /home/danielb/git/brainblast/kyra2_1_3/Kyra/missing --run autoheader'
AUTOMAKE='${SHELL} /home/danielb/git/brainblast/kyra2_1_3/Kyra/missing --run automake-1.11'
AWK='gawk'
CC='gcc'
CCDEPMODE='depmode=gcc3'
CFLAGS='-g -O2 -I/usr/include/SDL -D_GNU_SOURCE=1 -D_REENTRANT -I/usr/local/include -I/usr/X11R6/include'
CPP='gcc -E'
CPPFLAGS=''
CXX='g++'
CXXCPP='g++ -E'
CXXDEPMODE='depmode=gcc3'
CXXFLAGS='-g -O2 -I/usr/include/SDL -D_GNU_SOURCE=1 -D_REENTRANT -I/usr/local/include -I/usr/X11R6/include'
CYGPATH_W='echo'
DEFS='-DPACKAGE_NAME=\"Kyra\" -DPACKAGE_TARNAME=\"kyra\" -DPACKAGE_VERSION=\"2.1.3\" -DPACKAGE_STRING=\"Kyra\ 2.1.3\" -DPACKAGE_BUGREPORT=\"kyra-general@lists.sourceforge.net\" -DPACKAGE=\"Kyra\" -DVERSION=\"2.1.3\" -DSTDC_HEADERS=1 -DHAVE_SYS_TYPES_H=1 -DHAVE_SYS_STAT_H=1 -DHAVE_STDLIB_H=1 -DHAVE_STRING_H=1 -DHAVE_MEMORY_H=1 -DHAVE_STRINGS_H=1 -DHAVE_INTTYPES_H=1 -DHAVE_STDINT_H=1 -DHAVE_UNISTD_H=1 -DHAVE_DLFCN_H=1 -DLT_OBJDIR=\".libs/\" -DSTDC_HEADERS=1 -DHAVE_LIMITS_H=1 -DHAVE_MEMORY_H=1 -DHAVE_STDLIB_H=1 -DHAVE_STRING_H=1 -DHAVE_STDLIB_H=1 -DHAVE_MALLOC=1 -DHAVE_VPRINTF=1 -DHAVE_ATEXIT=1 -DHAVE_MEMSET=1 -DHAVE_STRCHR=1 -DHAVE_STRRCHR=1 -DHAVE_STRSTR=1 -DHAVE_STRTOUL=1'
DEPDIR='.deps'
DSYMUTIL=''
DUMPBIN=''
ECHO_C=''
ECHO_N='-n'
ECHO_T=''
EGREP='/bin/grep -E'
EXEEXT=''
FGREP='/bin/grep -F'
GREP='/bin/grep'
INSTALL_DATA='${INSTALL} -m 644'
INSTALL_PROGRAM='${INSTALL}'
INSTALL_SCRIPT='${INSTALL}'
INSTALL_STRIP_PROGRAM='$(install_sh) -c -s'
KYRA_BUILD_VERSION='3'
KYRA_LIBS='-lkyra -L/usr/lib -L/usr/local/lib -L/usr/X11R6/lib  -lSDL -lpthread -lSDL_image'
KYRA_MAJOR_VERSION='2'
KYRA_MINOR_VERSION='1'
KYRA_VERSION='2.1.3'
LD='/usr/bin/ld'
LDFLAGS='-L/usr/lib -L/usr/local/lib -L/usr/X11R6/lib'
LIBOBJS=''
LIBS='-L/usr/lib -L/usr/local/lib -L/usr/X11R6/lib  -lSDL -lpthread -lSDL_image'
LIBTOOL='$(SHELL) $(top_builddir)/libtool'
LIPO=''
LN_S='ln -s'
LTLIBOBJS=''
MAKEINFO='${SHELL} /home/danielb/git/brainblast/kyra2_1_3/Kyra/missing --run makeinfo'
MKDIR_P='/bin/mkdir -p'
NM='/usr/bin/nm -B'
NMEDIT=''
NOGL_FALSE='#'
NOGL_TRUE=''
OBJDUMP='objdump'
OBJEXT='o'
OTOOL64=''
OTOOL=''
PACKAGE='Kyra'
PACKAGE_BUGREPORT='kyra-general@lists.sourceforge.net'
PACKAGE_NAME='Kyra'
PACKAGE_STRING='Kyra 2.1.3'
PACKAGE_TARNAME='kyra'
PACKAGE_VERSION='2.1.3'
PATH_SEPARATOR=':'
RANLIB='ranlib'
SDL_CFLAGS='-I/usr/include/SDL -D_GNU_SOURCE=1 -D_REENTRANT'
SDL_CONFIG='/usr/bin/sdl-config'
SDL_LIBS='-lSDL -lpthread'
SED='/bin/sed'
SET_MAKE=''
SHELL='/bin/sh'
STRIP='strip'
VERSION='2.1.3'
ac_ct_CC='gcc'
ac_ct_CXX='g++'
ac_ct_DUMPBIN=''
am__EXEEXT_FALSE=''
am__EXEEXT_TRUE='#'
am__fastdepCC_FALSE='#'
am__fastdepCC_TRUE=''
am__fastdepCXX_FALSE='#'
am__fastdepCXX_TRUE=''
am__include='include'
am__isrc=''
am__leading_dot='.'
am__quote=''
am__tar='${AMTAR} chof - "$$tardir"'
am__untar='${AMTAR} xf -'
bindir='${exec_prefix}/bin'
build='i686-pc-linux-gnu'
build_alias=''
build_cpu='i686'
build_os='linux-gnu'
build_vendor='pc'
datadir='${datarootdir}'
datarootdir='${prefix}/share'
docdir='${datarootdir}/doc/${PACKAGE_TARNAME}'
dvidir='${docdir}'
exec_prefix='${prefix}'
host='i686-pc-linux-gnu'
host_alias=''
host_cpu='i686'
host_os='linux-gnu'
host_vendor='pc'
htmldir='${docdir}'
includedir='${prefix}/include'
infodir='${datarootdir}/info'
install_sh='${SHELL} /home/danielb/git/brainblast/kyra2_1_3/Kyra/install-sh'
libdir='${exec_prefix}/lib'
libexecdir='${exec_prefix}/libexec'
localedir='${datarootdir}/locale'
localstatedir='${prefix}/var'
lt_ECHO='echo'
mandir='${datarootdir}/man'
mkdir_p='/bin/mkdir -p'
oldincludedir='/usr/include'
pdfdir='${docdir}'
prefix='/usr/local'
program_transform_name='s,x,x,'
psdir='${docdir}'
sbindir='${exec_prefix}/sbin'
sharedstatedir='${prefix}/com'
sysconfdir='${prefix}/etc'
target='i686-pc-linux-gnu'
target_alias=''
target_cpu='i686'
target_os='linux-gnu'
target_vendor='pc'

## ----------- ##
## confdefs.h. ##
## ----------- ##

#define PACKAGE_NAME "Kyra"
#define PACKAGE_TARNAME "kyra"
#define PACKAGE_VERSION "2.1.3"
#define PACKAGE_STRING "Kyra 2.1.3"
#define PACKAGE_BUGREPORT "kyra-general@lists.sourceforge.net"
#define PACKAGE "Kyra"
#define VERSION "2.1.3"
#define STDC_HEADERS 1
#define HAVE_SYS_TYPES_H 1
#define HAVE_SYS_STAT_H 1
#define HAVE_STDLIB_H 1
#define HAVE_STRING_H 1
#define HAVE_MEMORY_H 1
#define HAVE_STRINGS_H 1
#define HAVE_INTTYPES_H 1
#define HAVE_STDINT_H 1
#define HAVE_UNISTD_H 1
#define HAVE_DLFCN_H 1
#define LT_OBJDIR ".libs/"
#define STDC_HEADERS 1
#define HAVE_LIMITS_H 1
#define HAVE_MEMORY_H 1
#define HAVE_STDLIB_H 1
#define HAVE_STRING_H 1
#define HAVE_STDLIB_H 1
#define HAVE_MALLOC 1
#define HAVE_VPRINTF 1
#define HAVE_ATEXIT 1
#define HAVE_MEMSET 1
#define HAVE_STRCHR 1
#define HAVE_STRRCHR 1
#define HAVE_STRSTR 1
#define HAVE_STRTOUL 1

configure: exit 0
